# JRE version: OpenJDK Runtime Environment (8.0_121-b13) (build 1.8.0_121-8u121-b13-0ubuntu1.16.04.2-b13)
# Java VM: OpenJDK 64-Bit Server VM (25.121-b13 mixed mode linux-amd64 compressed oops)
Heap:
 PSYoungGen      total 823296K, used 539609K [0x0000000782100000, 0x00000007b7100000, 0x00000007c0000000)
  eden space 816128K, 65% used [0x0000000782100000,0x00000007a2934160,0x00000007b3e00000)
  from space 7168K, 96% used [0x00000007b6a00000,0x00000007b70c2300,0x00000007b7100000)
  to   space 10752K, 0% used [0x00000007b5c00000,0x00000007b5c00000,0x00000007b6680000)
 ParOldGen       total 113152K, used 22392K [0x0000000706200000, 0x000000070d080000, 0x0000000782100000)
  object space 113152K, 19% used [0x0000000706200000,0x00000007077de3c8,0x000000070d080000)
 Metaspace       used 61875K, capacity 93785K, committed 93976K, reserved 1114112K
  class space    used 17559K, capacity 28361K, committed 28440K, reserved 1048576K
GC Heap History (10 events):
Event: 6.907 GC heap before
{Heap before GC invocations=9 (full 1):
 PSYoungGen      total 388096K, used 27430K [0x0000000782100000, 0x00000007a8700000, 0x00000007c0000000)
  eden space 378368K, 5% used [0x0000000782100000,0x00000007837127a8,0x0000000799280000)
  from space 9728K, 49% used [0x0000000799280000,0x00000007997372d0,0x0000000799c00000)
  to   space 9728K, 0% used [0x00000007a7d80000,0x00000007a7d80000,0x00000007a8700000)
 ParOldGen       total 65024K, used 7464K [0x0000000706200000, 0x000000070a180000, 0x0000000782100000)
  object space 65024K, 11% used [0x0000000706200000,0x000000070694a1d8,0x000000070a180000)
 Metaspace       used 26848K, capacity 35379K, committed 35496K, reserved 1075200K
  class space    used 6771K, capacity 9779K, committed 9896K, reserved 1048576K
Event: 6.924 GC heap after
Heap after GC invocations=9 (full 1):
 PSYoungGen      total 619008K, used 4984K [0x0000000782100000, 0x00000007ac700000, 0x00000007c0000000)
  eden space 609280K, 0% used [0x0000000782100000,0x0000000782100000,0x00000007a7400000)
  from space 9728K, 51% used [0x00000007a7d80000,0x00000007a825e050,0x00000007a8700000)
  to   space 9728K, 0% used [0x00000007a7400000,0x00000007a7400000,0x00000007a7d80000)
 ParOldGen       total 65024K, used 7464K [0x0000000706200000, 0x000000070a180000, 0x0000000782100000)
  object space 65024K, 11% used [0x0000000706200000,0x000000070694a1d8,0x000000070a180000)
 Metaspace       used 26848K, capacity 35379K, committed 35496K, reserved 1075200K
  class space    used 6771K, capacity 9779K, committed 9896K, reserved 1048576K
}
Event: 6.924 GC heap before
{Heap before GC invocations=10 (full 2):
 PSYoungGen      total 619008K, used 4984K [0x0000000782100000, 0x00000007ac700000, 0x00000007c0000000)
  eden space 609280K, 0% used [0x0000000782100000,0x0000000782100000,0x00000007a7400000)
  from space 9728K, 51% used [0x00000007a7d80000,0x00000007a825e050,0x00000007a8700000)
  to   space 9728K, 0% used [0x00000007a7400000,0x00000007a7400000,0x00000007a7d80000)
 ParOldGen       total 65024K, used 7464K [0x0000000706200000, 0x000000070a180000, 0x0000000782100000)
  object space 65024K, 11% used [0x0000000706200000,0x000000070694a1d8,0x000000070a180000)
 Metaspace       used 26848K, capacity 35379K, committed 35496K, reserved 1075200K
  class space    used 6771K, capacity 9779K, committed 9896K, reserved 1048576K
Event: 7.052 GC heap after
Heap after GC invocations=10 (full 2):
 PSYoungGen      total 619008K, used 0K [0x0000000782100000, 0x00000007ac700000, 0x00000007c0000000)
  eden space 609280K, 0% used [0x0000000782100000,0x0000000782100000,0x00000007a7400000)
  from space 9728K, 0% used [0x00000007a7d80000,0x00000007a7d80000,0x00000007a8700000)
  to   space 9728K, 0% used [0x00000007a7400000,0x00000007a7400000,0x00000007a7d80000)
 ParOldGen       total 85504K, used 12074K [0x0000000706200000, 0x000000070b580000, 0x0000000782100000)
  object space 85504K, 14% used [0x0000000706200000,0x0000000706dca858,0x000000070b580000)
 Metaspace       used 26848K, capacity 35379K, committed 35496K, reserved 1075200K
  class space    used 6771K, capacity 9779K, committed 9896K, reserved 1048576K
}
Event: 11.639 GC heap before
{Heap before GC invocations=11 (full 2):
 PSYoungGen      total 619008K, used 601255K [0x0000000782100000, 0x00000007ac700000, 0x00000007c0000000)
  eden space 609280K, 98% used [0x0000000782100000,0x00000007a6c29e90,0x00000007a7400000)
  from space 9728K, 0% used [0x00000007a7d80000,0x00000007a7d80000,0x00000007a8700000)
  to   space 9728K, 0% used [0x00000007a7400000,0x00000007a7400000,0x00000007a7d80000)
 ParOldGen       total 85504K, used 12074K [0x0000000706200000, 0x000000070b580000, 0x0000000782100000)
  object space 85504K, 14% used [0x0000000706200000,0x0000000706dca858,0x000000070b580000)
 Metaspace       used 41316K, capacity 59111K, committed 59160K, reserved 1091584K
  class space    used 10956K, capacity 17127K, committed 17176K, reserved 1048576K
Event: 11.668 GC heap after
Heap after GC invocations=11 (full 2):
 PSYoungGen      total 619008K, used 9726K [0x0000000782100000, 0x00000007b7500000, 0x00000007c0000000)
  eden space 609280K, 0% used [0x0000000782100000,0x0000000782100000,0x00000007a7400000)
  from space 9728K, 99% used [0x00000007a7400000,0x00000007a7d7f810,0x00000007a7d80000)
  to   space 11264K, 0% used [0x00000007b6a00000,0x00000007b6a00000,0x00000007b7500000)
 ParOldGen       total 85504K, used 13134K [0x0000000706200000, 0x000000070b580000, 0x0000000782100000)
  object space 85504K, 15% used [0x0000000706200000,0x0000000706ed3b08,0x000000070b580000)
 Metaspace       used 41316K, capacity 59111K, committed 59160K, reserved 1091584K
  class space    used 10956K, capacity 17127K, committed 17176K, reserved 1048576K
}
Event: 11.668 GC heap before
{Heap before GC invocations=12 (full 3):
 PSYoungGen      total 619008K, used 9726K [0x0000000782100000, 0x00000007b7500000, 0x00000007c0000000)
  eden space 609280K, 0% used [0x0000000782100000,0x0000000782100000,0x00000007a7400000)
  from space 9728K, 99% used [0x00000007a7400000,0x00000007a7d7f810,0x00000007a7d80000)
  to   space 11264K, 0% used [0x00000007b6a00000,0x00000007b6a00000,0x00000007b7500000)
 ParOldGen       total 85504K, used 13134K [0x0000000706200000, 0x000000070b580000, 0x0000000782100000)
  object space 85504K, 15% used [0x0000000706200000,0x0000000706ed3b08,0x000000070b580000)
 Metaspace       used 41316K, capacity 59111K, committed 59160K, reserved 1091584K
  class space    used 10956K, capacity 17127K, committed 17176K, reserved 1048576K
Event: 11.844 GC heap after
Heap after GC invocations=12 (full 3):
 PSYoungGen      total 619008K, used 0K [0x0000000782100000, 0x00000007b7500000, 0x00000007c0000000)
  eden space 609280K, 0% used [0x0000000782100000,0x0000000782100000,0x00000007a7400000)
  from space 9728K, 0% used [0x00000007a7400000,0x00000007a7400000,0x00000007a7d80000)
  to   space 11264K, 0% used [0x00000007b6a00000,0x00000007b6a00000,0x00000007b7500000)
 ParOldGen       total 113152K, used 22376K [0x0000000706200000, 0x000000070d080000, 0x0000000782100000)
  object space 113152K, 19% used [0x0000000706200000,0x00000007077da3c8,0x000000070d080000)
 Metaspace       used 41316K, capacity 59111K, committed 59160K, reserved 1091584K
  class space    used 10956K, capacity 17127K, committed 17176K, reserved 1048576K
}
Event: 16.293 GC heap before
{Heap before GC invocations=13 (full 3):
 PSYoungGen      total 619008K, used 609280K [0x0000000782100000, 0x00000007b7500000, 0x00000007c0000000)
  eden space 609280K, 100% used [0x0000000782100000,0x00000007a7400000,0x00000007a7400000)
  from space 9728K, 0% used [0x00000007a7400000,0x00000007a7400000,0x00000007a7d80000)
  to   space 11264K, 0% used [0x00000007b6a00000,0x00000007b6a00000,0x00000007b7500000)
 ParOldGen       total 113152K, used 22376K [0x0000000706200000, 0x000000070d080000, 0x0000000782100000)
  object space 113152K, 19% used [0x0000000706200000,0x00000007077da3c8,0x000000070d080000)
 Metaspace       used 51253K, capacity 76767K, committed 76952K, reserved 1103872K
  class space    used 14131K, capacity 22811K, committed 22936K, reserved 1048576K
Event: 16.315 GC heap after
Heap after GC invocations=13 (full 3):
 PSYoungGen      total 823296K, used 6920K [0x0000000782100000, 0x00000007b7100000, 0x00000007c0000000)
  eden space 816128K, 0% used [0x0000000782100000,0x0000000782100000,0x00000007b3e00000)
  from space 7168K, 96% used [0x00000007b6a00000,0x00000007b70c2300,0x00000007b7100000)
  to   space 10752K, 0% used [0x00000007b5c00000,0x00000007b5c00000,0x00000007b6680000)
 ParOldGen       total 113152K, used 22392K [0x0000000706200000, 0x000000070d080000, 0x0000000782100000)
  object space 113152K, 19% used [0x0000000706200000,0x00000007077de3c8,0x000000070d080000)
 Metaspace       used 51253K, capacity 76767K, committed 76952K, reserved 1103872K
  class space    used 14131K, capacity 22811K, committed 22936K, reserved 1048576K
}

